\BOOKMARK [0][-]{Doc-Start}{\376\377\000T\000a\000b\000l\000e\000\040\000o\000f\000\040\000C\000o\000n\000t\000e\000n\000t\000s}{}% 1
\BOOKMARK [0][-]{chapter*.2}{\376\377\143\322\126\376}{}% 2
\BOOKMARK [0][-]{chapter*.3}{\376\377\210\150\150\074}{}% 3
\BOOKMARK [0][-]{chapter.1}{\376\377\116\313\176\315}{}% 4
\BOOKMARK [1][-]{section.1.1}{\376\377\166\356\150\007}{chapter.1}% 5
\BOOKMARK [1][-]{section.1.2}{\376\377\123\357\203\267\123\326\140\047}{chapter.1}% 6
\BOOKMARK [1][-]{section.1.3}{\376\377\137\025\165\050\145\077\173\126}{chapter.1}% 7
\BOOKMARK [2][-]{subsection.1.3.1}{\376\377\121\163\116\216\137\025\165\050\147\054\121\145\225\350\143\007\123\127}{section.1.3}% 8
\BOOKMARK [0][-]{chapter.2}{\376\377\145\160\133\146\124\214\164\006\213\272}{}% 9
\BOOKMARK [1][-]{section.2.1}{\376\377\133\236\145\160\127\072\124\214\131\015\145\160\127\072}{chapter.2}% 10
\BOOKMARK [2][-]{subsection.2.1.1}{\376\377\133\236\226\105\165\065\127\072\124\214\165\065\127\072\123\005\176\334}{section.2.1}% 11
\BOOKMARK [1][-]{section.2.2}{\376\377\120\205\172\313\123\366\123\330\143\142}{chapter.2}% 12
\BOOKMARK [1][-]{section.2.3}{\376\377\201\011\121\262}{chapter.2}% 13
\BOOKMARK [1][-]{section.2.4}{\376\377\125\101\125\176\124\214\136\366\217\337}{chapter.2}% 14
\BOOKMARK [0][-]{chapter.3}{\376\377\143\137\200\027\124\214\130\236\166\312}{}% 15
\BOOKMARK [1][-]{section.3.1}{\376\377\143\137\200\027\166\204\162\151\164\006\215\167\156\220}{chapter.3}% 16
\BOOKMARK [1][-]{section.3.2}{\376\377\143\137\200\027\166\204\143\317\217\360}{chapter.3}% 17
\BOOKMARK [1][-]{section.3.3}{\376\377\000d\000B\166\204\123\125\117\115\143\142\173\227}{chapter.3}% 18
\BOOKMARK [1][-]{section.3.4}{\376\377\127\050\000d\000B\000m\116\013\155\113\221\317\122\237\163\207}{chapter.3}% 19
\BOOKMARK [1][-]{section.3.5}{\376\377\136\070\211\301\166\204\000\040\000d\000B\000\040\124\214\000\040\000d\000B\000m\000\040\225\031\213\357}{chapter.3}% 20
\BOOKMARK [0][-]{chapter.4}{\376\377\202\162\145\143}{}% 21
\BOOKMARK [1][-]{section.4.1}{\376\377\201\011\121\262\124\214\172\172\225\364\230\221\163\207}{chapter.4}% 22
\BOOKMARK [1][-]{section.4.2}{\376\377\0000\000\040\000-\000\040\217\175\154\342\166\204\136\366\217\337\172\013\136\246}{chapter.4}% 23
\BOOKMARK [2][-]{subsection.4.2.1}{\376\377\166\370\220\037\136\246}{section.4.2}% 24
\BOOKMARK [1][-]{section.4.3}{\376\377\0001\000\040\000-\000\040\116\345\217\175\154\342\116\072\116\055\137\303\166\204\201\011\121\262\123\005\176\334\136\366\217\337\166\204\172\013\136\246}{chapter.4}% 25
\BOOKMARK [1][-]{section.4.4}{\376\377\0002\000\040\000-\000\040\147\204\142\020\116\345\217\175\154\342\116\072\116\055\137\303\166\204\201\011\121\262\123\005\176\334\166\204\230\221\163\207\166\370\133\371\136\366\217\337\166\204\172\013\136\246}{chapter.4}% 26
\BOOKMARK [2][-]{subsection.4.4.1}{\376\377\226\366\202\162\145\143\230\221\163\207}{section.4.4}% 27
\BOOKMARK [1][-]{section.4.5}{\376\377\000n\000\040\000-\000\040\232\330\226\066\136\366\217\337}{chapter.4}% 28
\BOOKMARK [1][-]{section.4.6}{\376\377\000\050\000\051\000\040\124\214\000\040\000\050\000\051\000\040\146\057\162\354\172\313\166\204\124\027\377\037}{chapter.4}% 29
\BOOKMARK [0][-]{chapter.5}{\376\377\201\352\166\370\117\115\214\003\122\066}{}% 30
\BOOKMARK [1][-]{section.5.1}{\376\377\201\011\121\262\116\055\166\204\166\370\117\115\123\330\123\026}{chapter.5}% 31
\BOOKMARK [1][-]{section.5.2}{\376\377\214\061\134\125\133\275}{chapter.5}% 32
\BOOKMARK [1][-]{section.5.3}{\376\377\201\352\166\370\117\115\214\003\122\066\060\001\143\137\200\027\116\016\040\034\147\011\145\110\225\177\136\246\040\035}{chapter.5}% 33
\BOOKMARK [1][-]{section.5.4}{\376\377\201\352\226\141\145\110\136\224}{chapter.5}% 34
\BOOKMARK [2][-]{subsection.5.4.1}{\376\377\220\002\165\050\140\047}{section.5.4}% 35
\BOOKMARK [0][-]{chapter.6}{\376\377\126\333\154\342\155\367\230\221}{}% 36
\BOOKMARK [1][-]{section.6.1}{\376\377\165\065\166\370\117\115\214\003\122\066}{chapter.6}% 37
\BOOKMARK [1][-]{section.6.2}{\376\377\227\136\176\277\140\047\166\370\171\373}{chapter.6}% 38
\BOOKMARK [1][-]{section.6.3}{\376\377\116\244\123\311\166\370\117\115\214\003\122\066\000\050\000X\000P\000M\000\051}{chapter.6}% 39
\BOOKMARK [1][-]{section.6.4}{\376\377\166\370\117\115\123\071\221\115}{chapter.6}% 40
\BOOKMARK [2][-]{subsection.6.4.1}{\376\377\214\003\122\066\116\015\172\063\133\232\377\010\000M\000I\377\011}{section.6.4}% 41
\BOOKMARK [0][-]{chapter.7}{\376\377\142\311\146\374\145\110\136\224}{}% 42
\BOOKMARK [1][-]{section.7.1}{\376\377\142\311\146\374\124\315\136\224\121\375\145\160}{chapter.7}% 43
\BOOKMARK [2][-]{subsection.7.1.1}{\376\377\000h\000R\000\050\000T\000d\000e\000l\000a\000y\000\051\166\204\210\150\217\276\137\017}{section.7.1}% 44
\BOOKMARK [0][-]{chapter.8}{\376\377\137\002\127\337\201\011\121\262\377\010\000E\000x\000o\000t\000i\000c\000\040\000p\000u\000l\000s\000e\000s\377\011}{}% 45
\BOOKMARK [1][-]{section.8.1}{\376\377\127\372\147\054\133\144\133\120}{chapter.8}% 46
\BOOKMARK [2][-]{subsection.8.1.1}{\376\377\220\032\117\341\116\055\166\204\133\144\133\120}{section.8.1}% 47
\BOOKMARK [1][-]{section.8.2}{\376\377\000H\000i\000g\000h\000e\000r\000\040\000o\000r\000d\000e\000r\000\040\000S\000o\000l\000i\000t\000o\000n\000s}{chapter.8}% 48
\BOOKMARK [2][-]{subsection.8.2.1}{\376\377\133\144\133\120\122\006\210\302}{section.8.2}% 49
\BOOKMARK [1][-]{section.8.3}{\376\377\121\111\133\146\154\342\170\064\210\302\377\010\000O\000p\000t\000i\000c\000a\000l\000\040\000W\000a\000v\000e\000\040\000B\000r\000e\000a\000k\000i\000n\000g\377\011}{chapter.8}% 50
\BOOKMARK [2][-]{subsection.8.3.1}{\376\377\166\370\117\074\133\144\133\120\377\010\000S\000i\000m\000i\000l\000a\000r\000i\000t\000o\000n\000s\377\011}{section.8.3}% 51
\BOOKMARK [1][-]{section.8.4}{\376\377\145\260\127\213\133\144\133\120}{chapter.8}% 52
\BOOKMARK [2][-]{subsection.8.4.1}{\376\377\146\227\133\144\133\120\377\010\000D\000a\000r\000k\000\040\000S\000o\000l\000i\000t\000o\000n\000s\377\011}{section.8.4}% 53
\BOOKMARK [2][-]{subsection.8.4.2}{\376\377\142\311\146\374\133\144\133\120\377\010\000R\000a\000m\000a\000n\000\040\000S\000o\000l\000i\000t\000o\000n\000s\377\011}{section.8.4}% 54
\BOOKMARK [2][-]{subsection.8.4.3}{\376\377\167\342\221\317\133\144\133\120\377\010\000V\000e\000c\000t\000o\000r\000\040\000S\000o\000l\000i\000t\000o\000n\000s\377\011}{section.8.4}% 55
\BOOKMARK [0][-]{chapter.9}{\376\377\215\205\217\336\176\355\214\061\165\037\142\020}{}% 56
\BOOKMARK [1][-]{section.9.1}{\376\377\150\110\117\213\170\024\172\166}{chapter.9}% 57
\BOOKMARK [1][-]{section.9.2}{\376\377\117\140\166\204\133\236\232\214}{chapter.9}% 58
\BOOKMARK [0][-]{chapter.10}{\376\377\143\250\203\120\215\104\145\231}{}% 59
\BOOKMARK [1][-]{section.10.1}{\376\377\121\111\133\146}{chapter.10}% 60
\BOOKMARK [1][-]{section.10.2}{\376\377\165\065\133\120\133\146}{chapter.10}% 61
\BOOKMARK [1][-]{section.10.3}{\376\377\220\032\117\341}{chapter.10}% 62
\BOOKMARK [1][-]{section.10.4}{\376\377\116\377\167\037\135\345\121\167}{chapter.10}% 63
\BOOKMARK [0][-]{chapter*.21}{\376\377\123\302\200\003\145\207\163\056}{}% 64
